<?xml version="1.0" encoding="UTF-8"?>
<!-- Generated by org.testng.reporters.JUnitXMLReporter -->
<testsuite ignored="0" hostname="DESKTOP-OC8SAEU" failures="1" tests="1" name="Test Fiddle 2" time="1.679" errors="0" timestamp="2022-05-16T00:59:40 BST">
  <testcase classname="com.automationtask.testCases.TC_002" name="test1" time="0.004">
    <failure type="java.lang.NullPointerException" message="Cannot invoke &amp;quot;org.openqa.selenium.WebDriver.findElement(org.openqa.selenium.By)&amp;quot; because &amp;quot;com.automationtask.pageObject.SharePage.driver&amp;quot; is null">
      <![CDATA[java.lang.NullPointerException: Cannot invoke "org.openqa.selenium.WebDriver.findElement(org.openqa.selenium.By)" because "com.automationtask.pageObject.SharePage.driver" is null
at com.automationtask.pageObject.SharePage.clickShareBotton(SharePage.java:17)
at com.automationtask.testCases.TC_002.test1(TC_002.java:15)
at java.base/java.util.ArrayList.forEach(ArrayList.java:1511)
... Removed 27 stack frames]]>
    </failure>
  </testcase> <!-- test1 -->
</testsuite> <!-- Test Fiddle 2 -->
